<?xml version="1.0" encoding="UTF-8"?>
<!-- Generated by org.testng.reporters.JUnitXMLReporter -->
<testsuite ignored="0" hostname="DESKTOP-1F690BU" failures="0" tests="5" name="Default test" time="19.588" errors="0" timestamp="2024-08-24T06:06:34 IST">
  <testcase classname="automation.loginTest" name="loginWithValidCreedentials" time="1.386"/>
  <testcase classname="automation.loginTest" name="loginWithInValidUsername" time="1.387"/>
  <testcase classname="automation.loginTest" name="loginWithInValidPassword" time="1.522"/>
  <testcase classname="automation.loginTest" name="loginWithEmptyFields" time="0.524"/>
  <testcase classname="automation.loginTest" name="loginWithSpecialCharaters" time="1.264"/>
</testsuite> <!-- Default test -->
