<?xml version="1.0" encoding="UTF-8"?>
<testng-results ignored="0" total="5" passed="5" failed="0" skipped="0">
  <reporter-output>
  </reporter-output>
  <suite started-at="2024-08-24T06:06:15 IST" name="Default suite" finished-at="2024-08-24T06:06:34 IST" duration-ms="19588">
    <groups>
    </groups>
    <test started-at="2024-08-24T06:06:15 IST" name="Default test" finished-at="2024-08-24T06:06:34 IST" duration-ms="19588">
      <class name="automation.loginTest">
        <test-method is-config="true" signature="setupSuite()[pri:0, instance:automation.loginTest@3de8f619]" started-at="2024-08-24T06:06:15 IST" name="setupSuite" finished-at="2024-08-24T06:06:15 IST" duration-ms="331" status="PASS">
          <reporter-output>
          </reporter-output>
        </test-method> <!-- setupSuite -->
        <test-method is-config="true" signature="Setup()[pri:0, instance:automation.loginTest@3de8f619]" started-at="2024-08-24T06:06:15 IST" name="Setup" finished-at="2024-08-24T06:06:18 IST" duration-ms="3165" status="PASS">
          <reporter-output>
          </reporter-output>
        </test-method> <!-- Setup -->
        <test-method signature="loginWithValidCreedentials()[pri:1, instance:automation.loginTest@3de8f619]" started-at="2024-08-24T06:06:18 IST" name="loginWithValidCreedentials" finished-at="2024-08-24T06:06:19 IST" duration-ms="1386" status="PASS">
          <reporter-output>
          </reporter-output>
        </test-method> <!-- loginWithValidCreedentials -->
        <test-method is-config="true" signature="tearDown()[pri:0, instance:automation.loginTest@3de8f619]" started-at="2024-08-24T06:06:19 IST" name="tearDown" finished-at="2024-08-24T06:06:20 IST" duration-ms="341" status="PASS">
          <reporter-output>
          </reporter-output>
        </test-method> <!-- tearDown -->
        <test-method is-config="true" signature="Setup()[pri:0, instance:automation.loginTest@3de8f619]" started-at="2024-08-24T06:06:20 IST" name="Setup" finished-at="2024-08-24T06:06:22 IST" duration-ms="2307" status="PASS">
          <reporter-output>
          </reporter-output>
        </test-method> <!-- Setup -->
        <test-method signature="loginWithInValidUsername()[pri:2, instance:automation.loginTest@3de8f619]" started-at="2024-08-24T06:06:22 IST" name="loginWithInValidUsername" finished-at="2024-08-24T06:06:24 IST" duration-ms="1387" status="PASS">
          <reporter-output>
          </reporter-output>
        </test-method> <!-- loginWithInValidUsername -->
        <test-method is-config="true" signature="tearDown()[pri:0, instance:automation.loginTest@3de8f619]" started-at="2024-08-24T06:06:24 IST" name="tearDown" finished-at="2024-08-24T06:06:24 IST" duration-ms="302" status="PASS">
          <reporter-output>
          </reporter-output>
        </test-method> <!-- tearDown -->
        <test-method is-config="true" signature="Setup()[pri:0, instance:automation.loginTest@3de8f619]" started-at="2024-08-24T06:06:24 IST" name="Setup" finished-at="2024-08-24T06:06:26 IST" duration-ms="2021" status="PASS">
          <reporter-output>
          </reporter-output>
        </test-method> <!-- Setup -->
        <test-method signature="loginWithInValidPassword()[pri:3, instance:automation.loginTest@3de8f619]" started-at="2024-08-24T06:06:26 IST" name="loginWithInValidPassword" finished-at="2024-08-24T06:06:27 IST" duration-ms="1522" status="PASS">
          <reporter-output>
          </reporter-output>
        </test-method> <!-- loginWithInValidPassword -->
        <test-method is-config="true" signature="tearDown()[pri:0, instance:automation.loginTest@3de8f619]" started-at="2024-08-24T06:06:27 IST" name="tearDown" finished-at="2024-08-24T06:06:28 IST" duration-ms="327" status="PASS">
          <reporter-output>
          </reporter-output>
        </test-method> <!-- tearDown -->
        <test-method is-config="true" signature="Setup()[pri:0, instance:automation.loginTest@3de8f619]" started-at="2024-08-24T06:06:28 IST" name="Setup" finished-at="2024-08-24T06:06:30 IST" duration-ms="2309" status="PASS">
          <reporter-output>
          </reporter-output>
        </test-method> <!-- Setup -->
        <test-method signature="loginWithEmptyFields()[pri:4, instance:automation.loginTest@3de8f619]" started-at="2024-08-24T06:06:30 IST" name="loginWithEmptyFields" finished-at="2024-08-24T06:06:31 IST" duration-ms="524" status="PASS">
          <reporter-output>
          </reporter-output>
        </test-method> <!-- loginWithEmptyFields -->
        <test-method is-config="true" signature="tearDown()[pri:0, instance:automation.loginTest@3de8f619]" started-at="2024-08-24T06:06:31 IST" name="tearDown" finished-at="2024-08-24T06:06:31 IST" duration-ms="262" status="PASS">
          <reporter-output>
          </reporter-output>
        </test-method> <!-- tearDown -->
        <test-method is-config="true" signature="Setup()[pri:0, instance:automation.loginTest@3de8f619]" started-at="2024-08-24T06:06:31 IST" name="Setup" finished-at="2024-08-24T06:06:33 IST" duration-ms="2133" status="PASS">
          <reporter-output>
          </reporter-output>
        </test-method> <!-- Setup -->
        <test-method signature="loginWithSpecialCharaters()[pri:5, instance:automation.loginTest@3de8f619]" started-at="2024-08-24T06:06:33 IST" name="loginWithSpecialCharaters" finished-at="2024-08-24T06:06:34 IST" duration-ms="1264" status="PASS">
          <reporter-output>
          </reporter-output>
        </test-method> <!-- loginWithSpecialCharaters -->
        <test-method is-config="true" signature="tearDown()[pri:0, instance:automation.loginTest@3de8f619]" started-at="2024-08-24T06:06:34 IST" name="tearDown" finished-at="2024-08-24T06:06:34 IST" duration-ms="258" status="PASS">
          <reporter-output>
          </reporter-output>
        </test-method> <!-- tearDown -->
        <test-method is-config="true" signature="tearDownSuite()[pri:0, instance:automation.loginTest@3de8f619]" started-at="2024-08-24T06:06:35 IST" name="tearDownSuite" finished-at="2024-08-24T06:06:35 IST" duration-ms="346" status="PASS">
          <reporter-output>
          </reporter-output>
        </test-method> <!-- tearDownSuite -->
      </class> <!-- automation.loginTest -->
    </test> <!-- Default test -->
  </suite> <!-- Default suite -->
</testng-results>
