<?xml version="1.0" encoding="UTF-8"?>
<testng-results ignored="0" total="1" passed="1" failed="0" skipped="0">
  <reporter-output>
  </reporter-output>
  <suite started-at="2024-08-24T00:31:45 IST" name="Surefire suite" finished-at="2024-08-24T00:31:45 IST" duration-ms="34">
    <groups>
    </groups>
    <test started-at="2024-08-24T00:31:45 IST" name="Surefire test" finished-at="2024-08-24T00:31:45 IST" duration-ms="34">
      <class name="automation.loginTest">
        <test-method signature="loginTest()[pri:0, instance:automation.loginTest@19d481b]" started-at="2024-08-24T00:31:45 IST" name="loginTest" finished-at="2024-08-24T00:31:45 IST" duration-ms="4" status="PASS">
          <reporter-output>
          </reporter-output>
        </test-method> <!-- loginTest -->
      </class> <!-- automation.loginTest -->
    </test> <!-- Surefire test -->
  </suite> <!-- Surefire suite -->
</testng-results>
